Using pre-set license
Built from '2020.3/staging' branch; Version is '2020.3.19f1 (68f137dc9bbe) revision 6877495'; Using compiler version '192528614'; Build Type 'Release'
OS: 'Windows 10 Home; OS build 19044.1706; Version 2009; 64bit' Language: 'en' Physical Memory: 32685 MB
BatchMode: 1, IsHumanControllingUs: 0, StartBugReporterOnCrash: 0, Is64bit: 1, IsPro: 0

COMMAND LINE ARGUMENTS:
C:\Program Files\Unity\Hub\Editor\2020.3.19f1\Editor\Unity.exe
-adb2
-batchMode
-noUpm
-name
AssetImportWorker0
-projectPath
C:/projects/DMXForArtists/DMXForArtistVisualise
-logFile
Logs/AssetImportWorker0.log
-srvPort
64222
Successfully changed project path to: C:/projects/DMXForArtists/DMXForArtistVisualise
C:/projects/DMXForArtists/DMXForArtistVisualise
Using Asset Import Pipeline V2.
Refreshing native plugins compatible for Editor in 25.05 ms, found 2 plugins.
Preloading 0 native plugins for Editor in 0.00 ms.
Initialize engine version: 2020.3.19f1 (68f137dc9bbe)
[Subsystems] Discovering subsystems at path C:/Program Files/Unity/Hub/Editor/2020.3.19f1/Editor/Data/Resources/UnitySubsystems
[Subsystems] Discovering subsystems at path C:/projects/DMXForArtists/DMXForArtistVisualise/Assets
GfxDevice: creating device client; threaded=0
Direct3D:
    Version:  Direct3D 11.0 [level 11.1]
    Renderer: NVIDIA GeForce RTX 2080 Ti (ID=0x1e04)
    Vendor:   
    VRAM:     11049 MB
    Driver:   30.0.15.1165
Initialize mono
Mono path[0] = 'C:/Program Files/Unity/Hub/Editor/2020.3.19f1/Editor/Data/Managed'
Mono path[1] = 'C:/Program Files/Unity/Hub/Editor/2020.3.19f1/Editor/Data/MonoBleedingEdge/lib/mono/unityjit'
Mono config path = 'C:/Program Files/Unity/Hub/Editor/2020.3.19f1/Editor/Data/MonoBleedingEdge/etc'
Using monoOptions --debugger-agent=transport=dt_socket,embedding=1,server=y,suspend=n,address=127.0.0.1:56200
Begin MonoManager ReloadAssembly
Registering precompiled unity dll's ...
Register platform support module: C:/Program Files/Unity/Hub/Editor/2020.3.19f1/Editor/Data/PlaybackEngines/WebGLSupport/UnityEditor.WebGL.Extensions.dll
Register platform support module: C:/Program Files/Unity/Hub/Editor/2020.3.19f1/Editor/Data/PlaybackEngines/MacStandaloneSupport/UnityEditor.OSXStandalone.Extensions.dll
Register platform support module: C:/Program Files/Unity/Hub/Editor/2020.3.19f1/Editor/Data/PlaybackEngines/WindowsStandaloneSupport/UnityEditor.WindowsStandalone.Extensions.dll
Register platform support module: C:/Program Files/Unity/Hub/Editor/2020.3.19f1/Editor/Data/PlaybackEngines/LinuxStandaloneSupport/UnityEditor.LinuxStandalone.Extensions.dll
Registered in 0.002791 seconds.
Native extension for LinuxStandalone target not found
Native extension for WindowsStandalone target not found
Native extension for OSXStandalone target not found
Native extension for WebGL target not found
Refreshing native plugins compatible for Editor in 23.46 ms, found 2 plugins.
Preloading 0 native plugins for Editor in 0.00 ms.
Mono: successfully reloaded assembly
- Completed reload, in  1.750 seconds
Domain Reload Profiling:
	ReloadAssembly (1750ms)
		BeginReloadAssembly (43ms)
			ExecutionOrderSort (0ms)
			DisableScriptedObjects (0ms)
			BackupInstance (0ms)
			ReleaseScriptingObjects (0ms)
			CreateAndSetChildDomain (1ms)
		EndReloadAssembly (318ms)
			LoadAssemblies (42ms)
			RebuildTransferFunctionScriptingTraits (0ms)
			SetupTypeCache (125ms)
			ReleaseScriptCaches (0ms)
			RebuildScriptCaches (23ms)
			SetupLoadedEditorAssemblies (116ms)
				LogAssemblyErrors (0ms)
				InitializePlatformSupportModulesInManaged (5ms)
				SetLoadedEditorAssemblies (0ms)
				RefreshPlugins (24ms)
				BeforeProcessingInitializeOnLoad (6ms)
				ProcessInitializeOnLoadAttributes (60ms)
				ProcessInitializeOnLoadMethodAttributes (21ms)
				AfterProcessingInitializeOnLoad (0ms)
				EditorAssembliesLoaded (0ms)
			ExecutionOrderSort2 (0ms)
			AwakeInstancesAfterBackupRestoration (0ms)
Platform modules already initialized, skipping
Registering precompiled user dll's ...
Registered in 0.002515 seconds.
Begin MonoManager ReloadAssembly
Native extension for LinuxStandalone target not found
Native extension for WindowsStandalone target not found
Native extension for OSXStandalone target not found
Native extension for WebGL target not found
Refreshing native plugins compatible for Editor in 0.28 ms, found 2 plugins.
Preloading 0 native plugins for Editor in 0.00 ms.
Mono: successfully reloaded assembly
- Completed reload, in  0.772 seconds
Domain Reload Profiling:
	ReloadAssembly (773ms)
		BeginReloadAssembly (116ms)
			ExecutionOrderSort (0ms)
			DisableScriptedObjects (3ms)
			BackupInstance (0ms)
			ReleaseScriptingObjects (0ms)
			CreateAndSetChildDomain (14ms)
		EndReloadAssembly (605ms)
			LoadAssemblies (66ms)
			RebuildTransferFunctionScriptingTraits (0ms)
			SetupTypeCache (212ms)
			ReleaseScriptCaches (0ms)
			RebuildScriptCaches (34ms)
			SetupLoadedEditorAssemblies (216ms)
				LogAssemblyErrors (0ms)
				InitializePlatformSupportModulesInManaged (6ms)
				SetLoadedEditorAssemblies (0ms)
				RefreshPlugins (0ms)
				BeforeProcessingInitializeOnLoad (42ms)
				ProcessInitializeOnLoadAttributes (159ms)
				ProcessInitializeOnLoadMethodAttributes (3ms)
				AfterProcessingInitializeOnLoad (6ms)
				EditorAssembliesLoaded (0ms)
			ExecutionOrderSort2 (0ms)
			AwakeInstancesAfterBackupRestoration (5ms)
Platform modules already initialized, skipping
========================================================================
Worker process is ready to serve import requests
Launched and connected shader compiler UnityShaderCompiler.exe after 0.05 seconds
Refreshing native plugins compatible for Editor in 0.29 ms, found 2 plugins.
Preloading 0 native plugins for Editor in 0.00 ms.
Unloading 1611 Unused Serialized files (Serialized files now loaded: 0)
System memory in use before: 73.9 MB.
System memory in use after: 48.8 MB.

Unloading 16 unused Assets to reduce memory usage. Loaded Objects now: 2049.
Total: 2.631100 ms (FindLiveObjects: 0.118600 ms CreateObjectMapping: 0.035900 ms MarkObjects: 2.426500 ms  DeleteObjects: 0.049300 ms)

AssetImportParameters requested are different than current active one (requested -> active):
  custom:framework-win-MediaFoundation: 216162199b28c13a410421893ffa2e32 -> 
  custom:video-decoder-ogg-theora: a1e56fd34408186e4bbccfd4996cb3dc -> 
  custom:container-muxer-webm: aa71ff27fc2769a1b78a27578f13a17b -> 
  custom:container-demuxer-webm: 4f35f7cbe854078d1ac9338744f61a02 -> 
  custom:container-demuxer-ogg: 62fdf1f143b41e24485cea50d1cbac27 -> 
  custom:video-encoder-webm-vp8: eb34c28f22e8b96e1ab97ce403110664 -> 
  custom:video-decoder-webm-vp8: 9c59270c3fd7afecdb556c50c9e8de78 -> 
  custom:audio-decoder-ogg-vorbis: bf7c407c2cedff20999df2af8eb42d56 -> 
  custom:audio-encoder-webm-vorbis: bf7c407c2cedff20999df2af8eb42d56 -> 
========================================================================
Received Import Request.
  path: Assets/Models/wall_washer_obj.obj
  artifactKey: Guid(7fa148624340f1f4c8435a22037659c4) Importer(815301076,1909f56bfc062723c751e8b465ee728b)
Start importing Assets/Models/wall_washer_obj.obj using Guid(7fa148624340f1f4c8435a22037659c4) Importer(815301076,1909f56bfc062723c751e8b465ee728b)  -> (artifact id: '53409a0ca1f129e9da2d5449ffff5af5') in 0.153937 seconds 
  Import took 0.156008 seconds .

========================================================================
Received Import Request.
  Time since last request: 0.000132 seconds.
  path: Assets/Models
  artifactKey: Guid(46b7366f897e4d84f987b95715c3f301) Importer(815301076,1909f56bfc062723c751e8b465ee728b)
Start importing Assets/Models using Guid(46b7366f897e4d84f987b95715c3f301) Importer(815301076,1909f56bfc062723c751e8b465ee728b)  -> (artifact id: '847ba68054e35dfe3d8edf48139075fb') in 0.004133 seconds 
  Import took 0.005959 seconds .

========================================================================
Received Import Request.
  Time since last request: 2.048598 seconds.
  path: Assets/Models/MovingHead.obj
  artifactKey: Guid(cc10ae85ddb92c04fac8579f7416f72e) Importer(815301076,1909f56bfc062723c751e8b465ee728b)
Start importing Assets/Models/MovingHead.obj using Guid(cc10ae85ddb92c04fac8579f7416f72e) Importer(815301076,1909f56bfc062723c751e8b465ee728b)  -> (artifact id: 'bc9a005d572f97c5cbc9dc17d66fa09f') in 0.045848 seconds 
  Import took 0.048020 seconds .

========================================================================
Received Import Request.
  Time since last request: 1706.410360 seconds.
  path: Assets/Models/MovingHeadBase.STL
  artifactKey: Guid(b22059c685cae314ba01e1304aa11ad6) Importer(815301076,1909f56bfc062723c751e8b465ee728b)
Start importing Assets/Models/MovingHeadBase.STL using Guid(b22059c685cae314ba01e1304aa11ad6) Importer(815301076,1909f56bfc062723c751e8b465ee728b)  -> (artifact id: 'e6c0cdf6c517fdc19058387bc73c0e15') in 0.012528 seconds 
  Import took 0.015667 seconds .

========================================================================
Received Import Request.
  Time since last request: 3.237737 seconds.
  path: Assets/Models/MovingHeadTop_stl.STL
  artifactKey: Guid(ecc0c3a6be209504da3034f1f442ae6b) Importer(815301076,1909f56bfc062723c751e8b465ee728b)
Start importing Assets/Models/MovingHeadTop_stl.STL using Guid(ecc0c3a6be209504da3034f1f442ae6b) Importer(815301076,1909f56bfc062723c751e8b465ee728b)  -> (artifact id: '71ff08494ff7951d1b45f240af734c57') in 0.005252 seconds 
  Import took 0.007924 seconds .

========================================================================
Received Import Request.
  Time since last request: 6.522906 seconds.
  path: Assets/Models/movinghead_base_obj.obj
  artifactKey: Guid(e7f70bffc55313b4b9abdb71233d7295) Importer(815301076,1909f56bfc062723c751e8b465ee728b)
Start importing Assets/Models/movinghead_base_obj.obj using Guid(e7f70bffc55313b4b9abdb71233d7295) Importer(815301076,1909f56bfc062723c751e8b465ee728b)  -> (artifact id: '548c7d1b394a5329dfb81584c48b2cd3') in 0.027942 seconds 
  Import took 0.030318 seconds .

========================================================================
Received Import Request.
  Time since last request: 13.041842 seconds.
  path: Assets/Models/movinghead_head_obj.obj
  artifactKey: Guid(60caa4ed94c510247afcad0ef379c835) Importer(815301076,1909f56bfc062723c751e8b465ee728b)
Start importing Assets/Models/movinghead_head_obj.obj using Guid(60caa4ed94c510247afcad0ef379c835) Importer(815301076,1909f56bfc062723c751e8b465ee728b)  -> (artifact id: 'c648cf223904031b733548141b0e67a2') in 0.031656 seconds 
  Import took 0.033910 seconds .

========================================================================
Received Import Request.
  Time since last request: 12657.600451 seconds.
  path: Assets/Models/movinghead_base_obj.obj
  artifactKey: Guid(e7f70bffc55313b4b9abdb71233d7295) Importer(815301076,1909f56bfc062723c751e8b465ee728b)
Start importing Assets/Models/movinghead_base_obj.obj using Guid(e7f70bffc55313b4b9abdb71233d7295) Importer(815301076,1909f56bfc062723c751e8b465ee728b)  -> (artifact id: 'f4cc744c807090524b09cf6a0b24edaf') in 0.041776 seconds 
  Import took 0.044524 seconds .

========================================================================
Received Import Request.
  Time since last request: 0.000146 seconds.
  path: Assets/Models/movinghead_side_obj.obj
  artifactKey: Guid(69e6aeb44f029094d86aeed37b022829) Importer(815301076,1909f56bfc062723c751e8b465ee728b)
Start importing Assets/Models/movinghead_side_obj.obj using Guid(69e6aeb44f029094d86aeed37b022829) Importer(815301076,1909f56bfc062723c751e8b465ee728b)  -> (artifact id: 'a0909b53fe6a8648e87ccf8035275688') in 0.028792 seconds 
  Import took 0.030741 seconds .

========================================================================
Received Import Request.
  Time since last request: 0.000147 seconds.
  path: Assets/Models/movinghead_head_obj.obj
  artifactKey: Guid(60caa4ed94c510247afcad0ef379c835) Importer(815301076,1909f56bfc062723c751e8b465ee728b)
Start importing Assets/Models/movinghead_head_obj.obj using Guid(60caa4ed94c510247afcad0ef379c835) Importer(815301076,1909f56bfc062723c751e8b465ee728b)  -> (artifact id: '18aa0faed085e8a9ac732e0b4bcdebec') in 0.019674 seconds 
  Import took 0.021592 seconds .

========================================================================
Received Import Request.
  Time since last request: 147.786247 seconds.
  path: Assets/Models/moving_head_head.obj
  artifactKey: Guid(760940a7505ef8c48832d23f37dfe962) Importer(815301076,1909f56bfc062723c751e8b465ee728b)
Start importing Assets/Models/moving_head_head.obj using Guid(760940a7505ef8c48832d23f37dfe962) Importer(815301076,1909f56bfc062723c751e8b465ee728b)  -> (artifact id: 'da31bf74918783fa6cb51c429d6d60cb') in 0.032699 seconds 
  Import took 0.035038 seconds .

========================================================================
Received Prepare
Registering precompiled user dll's ...
Registered in 0.002472 seconds.
Begin MonoManager ReloadAssembly
Native extension for LinuxStandalone target not found
Native extension for WindowsStandalone target not found
Native extension for OSXStandalone target not found
Native extension for WebGL target not found
Refreshing native plugins compatible for Editor in 0.28 ms, found 2 plugins.
Preloading 0 native plugins for Editor in 0.00 ms.
Mono: successfully reloaded assembly
- Completed reload, in  0.730 seconds
Domain Reload Profiling:
	ReloadAssembly (731ms)
		BeginReloadAssembly (106ms)
			ExecutionOrderSort (0ms)
			DisableScriptedObjects (3ms)
			BackupInstance (0ms)
			ReleaseScriptingObjects (0ms)
			CreateAndSetChildDomain (31ms)
		EndReloadAssembly (576ms)
			LoadAssemblies (65ms)
			RebuildTransferFunctionScriptingTraits (0ms)
			SetupTypeCache (204ms)
			ReleaseScriptCaches (1ms)
			RebuildScriptCaches (29ms)
			SetupLoadedEditorAssemblies (204ms)
				LogAssemblyErrors (0ms)
				InitializePlatformSupportModulesInManaged (6ms)
				SetLoadedEditorAssemblies (0ms)
				RefreshPlugins (0ms)
				BeforeProcessingInitializeOnLoad (38ms)
				ProcessInitializeOnLoadAttributes (150ms)
				ProcessInitializeOnLoadMethodAttributes (3ms)
				AfterProcessingInitializeOnLoad (6ms)
				EditorAssembliesLoaded (0ms)
			ExecutionOrderSort2 (0ms)
			AwakeInstancesAfterBackupRestoration (5ms)
Platform modules already initialized, skipping
Refreshing native plugins compatible for Editor in 0.29 ms, found 2 plugins.
Preloading 0 native plugins for Editor in 0.00 ms.
Unloading 1602 Unused Serialized files (Serialized files now loaded: 0)
System memory in use before: 77.0 MB.
System memory in use after: 77.1 MB.

Unloading 11 unused Assets to reduce memory usage. Loaded Objects now: 2094.
Total: 2.036100 ms (FindLiveObjects: 0.128500 ms CreateObjectMapping: 0.042500 ms MarkObjects: 1.852800 ms  DeleteObjects: 0.011600 ms)

AssetImportParameters requested are different than current active one (requested -> active):
  custom:framework-win-MediaFoundation: 216162199b28c13a410421893ffa2e32 -> 
  custom:video-decoder-ogg-theora: a1e56fd34408186e4bbccfd4996cb3dc -> 
  custom:container-muxer-webm: aa71ff27fc2769a1b78a27578f13a17b -> 
  custom:container-demuxer-webm: 4f35f7cbe854078d1ac9338744f61a02 -> 
  custom:container-demuxer-ogg: 62fdf1f143b41e24485cea50d1cbac27 -> 
  custom:video-encoder-webm-vp8: eb34c28f22e8b96e1ab97ce403110664 -> 
  custom:video-decoder-webm-vp8: 9c59270c3fd7afecdb556c50c9e8de78 -> 
  custom:audio-decoder-ogg-vorbis: bf7c407c2cedff20999df2af8eb42d56 -> 
  custom:audio-encoder-webm-vorbis: bf7c407c2cedff20999df2af8eb42d56 -> 
